<?xml version="1.0" encoding="UTF-8"?>
<!-- Generated by org.testng.reporters.JUnitXMLReporter -->
<testsuite hostname="D-184003189" name="Test" tests="9" failures="0" timestamp="19 Feb 2018 06:18:45 GMT" time="213.945" errors="0">
  <testcase name="opencart" time="1.6" classname="Selpack.Testc1"/>
  <testcase name="Launchbrowser" time="2.289" classname="Selpack.Testc1"/>
  <testcase name="steps" time="28.536" classname="Selpack.Testc1"/>
  <testcase name="ratingsteps" time="17.016" classname="Selpack.Testc1"/>
  <testcase name="ratingsteps" time="10.395" classname="Selpack.Testc1"/>
  <testcase name="wishlist" time="14.953" classname="Selpack.Testc1"/>
  <testcase name="logincred" time="6.633" classname="Selpack.Testop2"/>
  <testcase name="searchtest" time="42.566" classname="Selpack.Testop2"/>
  <testcase name="logincred" time="70.005" classname="Selpack.Testop4"/>
</testsuite> <!-- Test -->
